Determining if the pthread_create exist failed with the following output:
Change Dir: /home/zh/ClionProjects/arrayfire_test/cmake-build-debug/CMakeFiles/CMakeTmp

Run Build Command:"/usr/bin/make" "cmTC_0f9b9/fast"
/usr/bin/make -f CMakeFiles/cmTC_0f9b9.dir/build.make CMakeFiles/cmTC_0f9b9.dir/build
make[1]: Entering directory '/home/zh/ClionProjects/arrayfire_test/cmake-build-debug/CMakeFiles/CMakeTmp'
Building C object CMakeFiles/cmTC_0f9b9.dir/CheckSymbolExists.c.o
/usr/bin/cc    -fPIC    -o CMakeFiles/cmTC_0f9b9.dir/CheckSymbolExists.c.o   -c /home/zh/ClionProjects/arrayfire_test/cmake-build-debug/CMakeFiles/CMakeTmp/CheckSymbolExists.c
Linking C executable cmTC_0f9b9
/home/zh/softwares/clion-2016.3/bin/cmake/bin/cmake -E cmake_link_script CMakeFiles/cmTC_0f9b9.dir/link.txt --verbose=1
/usr/bin/cc  -fPIC     CMakeFiles/cmTC_0f9b9.dir/CheckSymbolExists.c.o  -o cmTC_0f9b9 
CMakeFiles/cmTC_0f9b9.dir/CheckSymbolExists.c.o: In function `main':
CheckSymbolExists.c:(.text+0x1b): undefined reference to `pthread_create'
collect2: error: ld returned 1 exit status
CMakeFiles/cmTC_0f9b9.dir/build.make:97: recipe for target 'cmTC_0f9b9' failed
make[1]: *** [cmTC_0f9b9] Error 1
make[1]: Leaving directory '/home/zh/ClionProjects/arrayfire_test/cmake-build-debug/CMakeFiles/CMakeTmp'
Makefile:126: recipe for target 'cmTC_0f9b9/fast' failed
make: *** [cmTC_0f9b9/fast] Error 2

File /home/zh/ClionProjects/arrayfire_test/cmake-build-debug/CMakeFiles/CMakeTmp/CheckSymbolExists.c:
/* */
#include <pthread.h>

int main(int argc, char** argv)
{
  (void)argv;
#ifndef pthread_create
  return ((int*)(&pthread_create))[argc];
#else
  (void)argc;
  return 0;
#endif
}

Determining if the function pthread_create exists in the pthreads failed with the following output:
Change Dir: /home/zh/ClionProjects/arrayfire_test/cmake-build-debug/CMakeFiles/CMakeTmp

Run Build Command:"/usr/bin/make" "cmTC_3939b/fast"
/usr/bin/make -f CMakeFiles/cmTC_3939b.dir/build.make CMakeFiles/cmTC_3939b.dir/build
make[1]: Entering directory '/home/zh/ClionProjects/arrayfire_test/cmake-build-debug/CMakeFiles/CMakeTmp'
Building C object CMakeFiles/cmTC_3939b.dir/CheckFunctionExists.c.o
/usr/bin/cc    -fPIC -DCHECK_FUNCTION_EXISTS=pthread_create   -o CMakeFiles/cmTC_3939b.dir/CheckFunctionExists.c.o   -c /home/zh/softwares/clion-2016.3/bin/cmake/share/cmake-3.6/Modules/CheckFunctionExists.c
Linking C executable cmTC_3939b
/home/zh/softwares/clion-2016.3/bin/cmake/bin/cmake -E cmake_link_script CMakeFiles/cmTC_3939b.dir/link.txt --verbose=1
/usr/bin/cc  -fPIC -DCHECK_FUNCTION_EXISTS=pthread_create    CMakeFiles/cmTC_3939b.dir/CheckFunctionExists.c.o  -o cmTC_3939b -lpthreads 
/usr/bin/ld: cannot find -lpthreads
collect2: error: ld returned 1 exit status
CMakeFiles/cmTC_3939b.dir/build.make:97: recipe for target 'cmTC_3939b' failed
make[1]: *** [cmTC_3939b] Error 1
make[1]: Leaving directory '/home/zh/ClionProjects/arrayfire_test/cmake-build-debug/CMakeFiles/CMakeTmp'
Makefile:126: recipe for target 'cmTC_3939b/fast' failed
make: *** [cmTC_3939b/fast] Error 2


